138. Printing statistics.

=== gpu ===

   Number of wires:             199979
   Number of wire bits:         218004
   Number of public wires:         659
   Number of public wire bits:   18555
   Number of ports:                 17
   Number of port bits:           1918
   Number of memories:               0
   Number of memory bits:            0
   Number of processes:              0
   Number of cells:             217110
     $_ANDNOT_                   80147
     $_AND_                       1792
     $_DFFE_PP0P_                15485
     $_DFFE_PP_                    512
     $_DFF_PP0_                    653
     $_DFF_PP1_                      4
     $_MUX_                      12690
     $_NAND_                      1552
     $_NOR_                      12981
     $_NOT_                       3363
     $_ORNOT_                     5347
     $_OR_                       53417
     $_SDFFCE_PP1P_                 16
     $_XNOR_                      9347
     $_XOR_                      19804

   Area for cell type $_NOT_ is unknown!
   Area for cell type $_AND_ is unknown!
   Area for cell type $_NAND_ is unknown!
   Area for cell type $_OR_ is unknown!
   Area for cell type $_NOR_ is unknown!
   Area for cell type $_XOR_ is unknown!
   Area for cell type $_XNOR_ is unknown!
   Area for cell type $_ANDNOT_ is unknown!
   Area for cell type $_ORNOT_ is unknown!
   Area for cell type $_MUX_ is unknown!
   Area for cell type $_DFFE_PP_ is unknown!
   Area for cell type $_DFF_PP0_ is unknown!
   Area for cell type $_DFF_PP1_ is unknown!
   Area for cell type $_DFFE_PP0P_ is unknown!
   Area for cell type $_SDFFCE_PP1P_ is unknown!

