152. Printing statistics.

=== gpu ===

   Number of wires:             164369
   Number of wire bits:         166270
   Number of public wires:       15534
   Number of public wire bits:   17435
   Number of ports:                 17
   Number of port bits:           1918
   Number of memories:               0
   Number of memory bits:            0
   Number of processes:              0
   Number of cells:             165573
     sky130_fd_sc_hd__a2111o_2    2085
     sky130_fd_sc_hd__a2111oi_2    171
     sky130_fd_sc_hd__a211o_2     2188
     sky130_fd_sc_hd__a211oi_2     950
     sky130_fd_sc_hd__a21bo_2     1029
     sky130_fd_sc_hd__a21boi_2     166
     sky130_fd_sc_hd__a21o_2      4414
     sky130_fd_sc_hd__a21oi_2     4423
     sky130_fd_sc_hd__a221o_2     7993
     sky130_fd_sc_hd__a221oi_2     261
     sky130_fd_sc_hd__a22o_2     11060
     sky130_fd_sc_hd__a22oi_2      182
     sky130_fd_sc_hd__a2bb2o_2     293
     sky130_fd_sc_hd__a2bb2oi_2      9
     sky130_fd_sc_hd__a311o_2      181
     sky130_fd_sc_hd__a311oi_2      34
     sky130_fd_sc_hd__a31o_2      1413
     sky130_fd_sc_hd__a31oi_2      187
     sky130_fd_sc_hd__a32o_2       168
     sky130_fd_sc_hd__a32oi_2       14
     sky130_fd_sc_hd__a41o_2        52
     sky130_fd_sc_hd__a41oi_2        1
     sky130_fd_sc_hd__and2_2      3777
     sky130_fd_sc_hd__and2b_2     1958
     sky130_fd_sc_hd__and3_2      6663
     sky130_fd_sc_hd__and3b_2      241
     sky130_fd_sc_hd__and4_2       170
     sky130_fd_sc_hd__and4b_2       52
     sky130_fd_sc_hd__and4bb_2      42
     sky130_fd_sc_hd__buf_2         36
     sky130_fd_sc_hd__dfrtp_2    16138
     sky130_fd_sc_hd__dfstp_2        4
     sky130_fd_sc_hd__dfxtp_2      528
     sky130_fd_sc_hd__inv_2      18410
     sky130_fd_sc_hd__mux2_1     17496
     sky130_fd_sc_hd__nand2_2     8702
     sky130_fd_sc_hd__nand2b_2    1484
     sky130_fd_sc_hd__nand3_2     1955
     sky130_fd_sc_hd__nand3b_2      62
     sky130_fd_sc_hd__nand4_2      100
     sky130_fd_sc_hd__nand4b_2       6
     sky130_fd_sc_hd__nor2_2     11711
     sky130_fd_sc_hd__nor3_2      1435
     sky130_fd_sc_hd__nor3b_2       76
     sky130_fd_sc_hd__nor4_2       458
     sky130_fd_sc_hd__nor4b_2       13
     sky130_fd_sc_hd__o2111a_2      51
     sky130_fd_sc_hd__o2111ai_2      9
     sky130_fd_sc_hd__o211a_2     1533
     sky130_fd_sc_hd__o211ai_2     771
     sky130_fd_sc_hd__o21a_2      2781
     sky130_fd_sc_hd__o21ai_2     3183
     sky130_fd_sc_hd__o21ba_2      742
     sky130_fd_sc_hd__o21bai_2     540
     sky130_fd_sc_hd__o221a_2      247
     sky130_fd_sc_hd__o221ai_2      35
     sky130_fd_sc_hd__o22a_2       895
     sky130_fd_sc_hd__o22ai_2      432
     sky130_fd_sc_hd__o2bb2a_2     522
     sky130_fd_sc_hd__o2bb2ai_2    190
     sky130_fd_sc_hd__o311a_2      179
     sky130_fd_sc_hd__o311ai_2      17
     sky130_fd_sc_hd__o31a_2       287
     sky130_fd_sc_hd__o31ai_2      134
     sky130_fd_sc_hd__o32a_2        40
     sky130_fd_sc_hd__o32ai_2        6
     sky130_fd_sc_hd__o41a_2        15
     sky130_fd_sc_hd__o41ai_2        1
     sky130_fd_sc_hd__or2_2       6564
     sky130_fd_sc_hd__or3_2       2330
     sky130_fd_sc_hd__or3b_2       432
     sky130_fd_sc_hd__or4_2       2516
     sky130_fd_sc_hd__or4b_2       145
     sky130_fd_sc_hd__or4bb_2       56
     sky130_fd_sc_hd__xnor2_2     8916
     sky130_fd_sc_hd__xor2_2      3213

   Chip area for module '\gpu': 1777622.380802
     of which used for sequential elements: 435365.049600 (24.49%)

